c:\project\posprogram\pos\x64\debug\vc141.pdb
c:\project\posprogram\pos\x64\debug\detailform.obj
c:\project\posprogram\pos\x64\debug\tableform.obj
c:\project\posprogram\pos\x64\debug\startform.obj
c:\project\posprogram\pos\x64\debug\menuitem.obj
c:\project\posprogram\pos\x64\debug\.netframework,version=v4.6.1.assemblyattributes.obj
c:\project\posprogram\pos\x64\debug\.netframework,version=v4.6.1.assemblyattributes.asm
c:\project\posprogram\pos\x64\debug\table.obj
c:\project\posprogram\pos\x64\debug\salesform.obj
c:\project\posprogram\pos\x64\debug\posmenuitem.obj
c:\project\posprogram\pos\x64\debug\paymentform.obj
c:\project\posprogram\pos\x64\debug\monthsalesform.obj
c:\project\posprogram\pos\x64\debug\modifymenuform.obj
c:\project\posprogram\pos\x64\debug\menumanageform.obj
c:\project\posprogram\pos\x64\debug\category.obj
c:\project\posprogram\pos\x64\debug\addmenuform.obj
c:\project\posprogram\pos\x64\debug\dbconnection.obj
c:\project\posprogram\pos\x64\debug\pos.startform.resources
c:\project\posprogram\pos\x64\debug\pos.tableform.resources
c:\project\posprogram\pos\x64\debug\pos.detailform.resources
c:\project\posprogram\pos\x64\debug\pos.addmenuform.resources
c:\project\posprogram\pos\x64\debug\pos.modifymenuform.resources
c:\project\posprogram\pos\x64\debug\pos.paymentform.resources
c:\project\posprogram\pos\x64\debug\pos.res
c:\project\posprogram\pos\x64\debug\pos.vcxproj.generateresource.cache
c:\project\posprogram\pos\x64\debug\pos.vcxprojassemblyreference.cache
c:\project\posprogram\x64\debug\pos.pdb
c:\project\posprogram\pos\x64\debug\pos.tlog\cl.command.1.tlog
c:\project\posprogram\pos\x64\debug\pos.tlog\cl.read.1.tlog
c:\project\posprogram\pos\x64\debug\pos.tlog\cl.write.1.tlog
c:\project\posprogram\pos\x64\debug\pos.tlog\link.4192.read.1.tlog
c:\project\posprogram\pos\x64\debug\pos.tlog\link.4192.write.1.tlog
c:\project\posprogram\pos\x64\debug\pos.tlog\link.8452-cvtres.read.1.tlog
c:\project\posprogram\pos\x64\debug\pos.tlog\link.8452-cvtres.write.1.tlog
c:\project\posprogram\pos\x64\debug\pos.tlog\link.8452-rc.read.1.tlog
c:\project\posprogram\pos\x64\debug\pos.tlog\link.8452-rc.write.1.tlog
c:\project\posprogram\pos\x64\debug\pos.tlog\link.8452.read.1.tlog
c:\project\posprogram\pos\x64\debug\pos.tlog\link.8452.write.1.tlog
c:\project\posprogram\pos\x64\debug\pos.tlog\link.command.1.tlog
c:\project\posprogram\pos\x64\debug\pos.tlog\link.read.1.tlog
c:\project\posprogram\pos\x64\debug\pos.tlog\link.write.1.tlog
c:\project\posprogram\pos\x64\debug\pos.tlog\metagen.read.1.tlog
c:\project\posprogram\pos\x64\debug\pos.tlog\metagen.write.1.tlog
c:\project\posprogram\pos\x64\debug\pos.tlog\pos.write.1u.tlog
c:\project\posprogram\pos\x64\debug\pos.tlog\rc.command.1.tlog
c:\project\posprogram\pos\x64\debug\pos.tlog\rc.read.1.tlog
c:\project\posprogram\pos\x64\debug\pos.tlog\rc.write.1.tlog
