c:\project\posprogram-master\posprogram-master\pos\debug\vc141.pdb
c:\project\posprogram-master\posprogram-master\pos\debug\detailform.obj
c:\project\posprogram-master\posprogram-master\pos\debug\tableform.obj
c:\project\posprogram-master\posprogram-master\pos\debug\table.obj
c:\project\posprogram-master\posprogram-master\pos\debug\startform.obj
c:\project\posprogram-master\posprogram-master\pos\debug\posmenuitem.obj
c:\project\posprogram-master\posprogram-master\pos\debug\paymentform.obj
c:\project\posprogram-master\posprogram-master\pos\debug\modifymenuform.obj
c:\project\posprogram-master\posprogram-master\pos\debug\menumanageform.obj
c:\project\posprogram-master\posprogram-master\pos\debug\dbconnection.obj
c:\project\posprogram-master\posprogram-master\pos\debug\category.obj
c:\project\posprogram-master\posprogram-master\pos\debug\addmenuform.obj
c:\project\posprogram-master\posprogram-master\pos\debug\.netframework,version=v4.6.1.assemblyattributes.obj
c:\project\posprogram-master\posprogram-master\pos\debug\.netframework,version=v4.6.1.assemblyattributes.asm
c:\project\posprogram-master\posprogram-master\debug\pos.exe
c:\project\posprogram-master\posprogram-master\debug\pos.pdb
c:\project\posprogram-master\posprogram-master\pos\debug\pos.addmenuform.resources
c:\project\posprogram-master\posprogram-master\pos\debug\pos.modifymenuform.resources
c:\project\posprogram-master\posprogram-master\pos\debug\pos.paymentform.resources
c:\project\posprogram-master\posprogram-master\pos\debug\pos.startform.resources
c:\project\posprogram-master\posprogram-master\pos\debug\pos.tableform.resources
c:\project\posprogram-master\posprogram-master\pos\debug\pos.detailform.resources
c:\project\posprogram-master\posprogram-master\pos\debug\pos.vcxproj.generateresource.cache
c:\project\posprogram-master\posprogram-master\pos\debug\pos.vcxprojassemblyreference.cache
c:\project\posprogram-master\posprogram-master\pos\debug\pos.tlog\cl.command.1.tlog
c:\project\posprogram-master\posprogram-master\pos\debug\pos.tlog\cl.read.1.tlog
c:\project\posprogram-master\posprogram-master\pos\debug\pos.tlog\cl.write.1.tlog
c:\project\posprogram-master\posprogram-master\pos\debug\pos.tlog\link.command.1.tlog
c:\project\posprogram-master\posprogram-master\pos\debug\pos.tlog\link.read.1.tlog
c:\project\posprogram-master\posprogram-master\pos\debug\pos.tlog\link.write.1.tlog
c:\project\posprogram-master\posprogram-master\pos\debug\pos.tlog\metagen.read.1.tlog
c:\project\posprogram-master\posprogram-master\pos\debug\pos.tlog\metagen.write.1.tlog
c:\project\posprogram-master\posprogram-master\pos\debug\pos.tlog\pos.write.1u.tlog
